<?xml version="1.0" encoding="UTF-8"?>
<!-- Generated by org.testng.reporters.JUnitReportReporter -->
<testsuite hostname="DESKTOP-TLRQ9UM" failures="0" tests="2" name="testPackage.TestClassOfHomePage" time="2.288" errors="0" timestamp="2023-03-29T08:58:31 IST" skipped="0">
  <testcase classname="testPackage.TestClassOfHomePage" name="VerifyDashboardElements" time="2.171"/>
  <system-out/>
  <testcase classname="testPackage.TestClassOfHomePage" name="VerifyCompanyLogo" time="0.117"/>
  <system-out/>
</testsuite> <!-- testPackage.TestClassOfHomePage -->
